==11489== Memcheck, a memory error detector
==11489== Copyright (C) 2002-2017, and GNU GPL'd, by Julian Seward et al.
==11489== Using Valgrind-3.15.0-608cb11914-20190413 and LibVEX; rerun with -h for copyright info
==11489== Command: ./tradutor tests/tradutor/lab/t7.c
==11489== Parent PID: 11488
==11489== 
--11489-- 
--11489-- Valgrind options:
--11489--    -v
--11489--    --tool=memcheck
--11489--    --leak-check=full
--11489--    --show-leak-kinds=all
--11489--    --track-origins=yes
--11489--    --log-file=logfile.out
--11489-- Contents of /proc/version:
--11489--   Linux version 5.10.16.3-microsoft-standard-WSL2 (oe-user@oe-host) (x86_64-msft-linux-gcc (GCC) 9.3.0, GNU ld (GNU Binutils) 2.34.0.20200220) #1 SMP Fri Apr 2 22:23:49 UTC 2021
--11489-- 
--11489-- Arch and hwcaps: AMD64, LittleEndian, amd64-cx16-lzcnt-rdtscp-sse3-ssse3-avx-avx2-bmi-f16c-rdrand
--11489-- Page sizes: currently 4096, max supported 4096
--11489-- Valgrind library directory: /usr/lib/x86_64-linux-gnu/valgrind
--11489-- Reading syms from /home/anapaula/Desktop/trad/T4_tradutor/tradutor
--11489-- Reading syms from /usr/lib/x86_64-linux-gnu/ld-2.33.so
--11489--   Considering /usr/lib/x86_64-linux-gnu/ld-2.33.so ..
--11489--   .. CRC mismatch (computed 425b6850 wanted cee0dc4c)
--11489--   Considering /lib/x86_64-linux-gnu/ld-2.33.so ..
--11489--   .. CRC mismatch (computed 425b6850 wanted cee0dc4c)
--11489--   Considering /usr/lib/debug/lib/x86_64-linux-gnu/ld-2.33.so ..
--11489--   .. CRC is valid
--11489-- Reading syms from /usr/lib/x86_64-linux-gnu/valgrind/memcheck-amd64-linux
--11489--    object doesn't have a symbol table
--11489--    object doesn't have a dynamic symbol table
--11489-- Scheduler: using generic scheduler lock implementation.
--11489-- Reading suppressions file: /usr/lib/x86_64-linux-gnu/valgrind/default.supp
==11489== embedded gdbserver: reading from /tmp/vgdb-pipe-from-vgdb-to-11489-by-anapaula-on-???
==11489== embedded gdbserver: writing to   /tmp/vgdb-pipe-to-vgdb-from-11489-by-anapaula-on-???
==11489== embedded gdbserver: shared mem   /tmp/vgdb-pipe-shared-mem-vgdb-11489-by-anapaula-on-???
==11489== 
==11489== TO CONTROL THIS PROCESS USING vgdb (which you probably
==11489== don't want to do, unless you know exactly what you're doing,
==11489== or are doing some strange experiment):
==11489==   /usr/lib/x86_64-linux-gnu/valgrind/../../bin/vgdb --pid=11489 ...command...
==11489== 
==11489== TO DEBUG THIS PROCESS USING GDB: start GDB like this
==11489==   /path/to/gdb ./tradutor
==11489== and then give GDB the following command
==11489==   target remote | /usr/lib/x86_64-linux-gnu/valgrind/../../bin/vgdb --pid=11489
==11489== --pid is optional if only one valgrind process is running
==11489== 
--11489-- REDIR: 0x40276d0 (ld-linux-x86-64.so.2:strlen) redirected to 0x580c9ce2 (???)
--11489-- REDIR: 0x40274a0 (ld-linux-x86-64.so.2:index) redirected to 0x580c9cfc (???)
--11489-- Reading syms from /usr/lib/x86_64-linux-gnu/valgrind/vgpreload_core-amd64-linux.so
--11489--    object doesn't have a symbol table
--11489-- Reading syms from /usr/lib/x86_64-linux-gnu/valgrind/vgpreload_memcheck-amd64-linux.so
--11489--    object doesn't have a symbol table
==11489== WARNING: new redirection conflicts with existing -- ignoring it
--11489--     old: 0x040276d0 (strlen              ) R-> (0000.0) 0x580c9ce2 ???
--11489--     new: 0x040276d0 (strlen              ) R-> (2007.0) 0x04845060 strlen
--11489-- REDIR: 0x4023eb0 (ld-linux-x86-64.so.2:strcmp) redirected to 0x4845fd0 (strcmp)
--11489-- REDIR: 0x4027c30 (ld-linux-x86-64.so.2:mempcpy) redirected to 0x4849a20 (mempcpy)
--11489-- Reading syms from /usr/lib/x86_64-linux-gnu/libc-2.33.so
--11489--   Considering /usr/lib/x86_64-linux-gnu/libc-2.33.so ..
--11489--   .. CRC mismatch (computed 31fcf0a5 wanted 9eb4d521)
--11489--   Considering /lib/x86_64-linux-gnu/libc-2.33.so ..
--11489--   .. CRC mismatch (computed 31fcf0a5 wanted 9eb4d521)
--11489--   Considering /usr/lib/debug/lib/x86_64-linux-gnu/libc-2.33.so ..
--11489--   .. CRC is valid
--11489-- REDIR: 0x48f8f00 (libc.so.6:memmove) redirected to 0x48391d0 (_vgnU_ifunc_wrapper)
--11489-- REDIR: 0x48f83a0 (libc.so.6:strncpy) redirected to 0x48391d0 (_vgnU_ifunc_wrapper)
--11489-- REDIR: 0x48f9240 (libc.so.6:strcasecmp) redirected to 0x48391d0 (_vgnU_ifunc_wrapper)
--11489-- REDIR: 0x48f7e50 (libc.so.6:strcat) redirected to 0x48391d0 (_vgnU_ifunc_wrapper)
--11489-- REDIR: 0x48f8400 (libc.so.6:rindex) redirected to 0x48391d0 (_vgnU_ifunc_wrapper)
--11489-- REDIR: 0x48fa700 (libc.so.6:rawmemchr) redirected to 0x48391d0 (_vgnU_ifunc_wrapper)
--11489-- REDIR: 0x4914830 (libc.so.6:wmemchr) redirected to 0x48391d0 (_vgnU_ifunc_wrapper)
--11489-- REDIR: 0x4914370 (libc.so.6:wcscmp) redirected to 0x48391d0 (_vgnU_ifunc_wrapper)
--11489-- REDIR: 0x48f9060 (libc.so.6:mempcpy) redirected to 0x48391d0 (_vgnU_ifunc_wrapper)
--11489-- REDIR: 0x48f8e90 (libc.so.6:bcmp) redirected to 0x48391d0 (_vgnU_ifunc_wrapper)
--11489-- REDIR: 0x48f8340 (libc.so.6:strncmp) redirected to 0x48391d0 (_vgnU_ifunc_wrapper)
--11489-- REDIR: 0x48f7f00 (libc.so.6:strcmp) redirected to 0x48391d0 (_vgnU_ifunc_wrapper)
--11489-- REDIR: 0x48f8fd0 (libc.so.6:memset) redirected to 0x48391d0 (_vgnU_ifunc_wrapper)
--11489-- REDIR: 0x4914330 (libc.so.6:wcschr) redirected to 0x48391d0 (_vgnU_ifunc_wrapper)
--11489-- REDIR: 0x48f82a0 (libc.so.6:strnlen) redirected to 0x48391d0 (_vgnU_ifunc_wrapper)
--11489-- REDIR: 0x48f7fe0 (libc.so.6:strcspn) redirected to 0x48391d0 (_vgnU_ifunc_wrapper)
--11489-- REDIR: 0x48f9290 (libc.so.6:strncasecmp) redirected to 0x48391d0 (_vgnU_ifunc_wrapper)
--11489-- REDIR: 0x48f7f80 (libc.so.6:strcpy) redirected to 0x48391d0 (_vgnU_ifunc_wrapper)
--11489-- REDIR: 0x48f93e0 (libc.so.6:memcpy@@GLIBC_2.14) redirected to 0x48391d0 (_vgnU_ifunc_wrapper)
--11489-- REDIR: 0x4915ab0 (libc.so.6:wcsnlen) redirected to 0x48391d0 (_vgnU_ifunc_wrapper)
--11489-- REDIR: 0x49143b0 (libc.so.6:wcscpy) redirected to 0x48391d0 (_vgnU_ifunc_wrapper)
--11489-- REDIR: 0x48f8440 (libc.so.6:strpbrk) redirected to 0x48391d0 (_vgnU_ifunc_wrapper)
--11489-- REDIR: 0x48f7eb0 (libc.so.6:index) redirected to 0x48391d0 (_vgnU_ifunc_wrapper)
--11489-- REDIR: 0x48f8260 (libc.so.6:strlen) redirected to 0x48391d0 (_vgnU_ifunc_wrapper)
--11489-- REDIR: 0x4900c20 (libc.so.6:memrchr) redirected to 0x48391d0 (_vgnU_ifunc_wrapper)
--11489-- REDIR: 0x48f92e0 (libc.so.6:strcasecmp_l) redirected to 0x48391d0 (_vgnU_ifunc_wrapper)
--11489-- REDIR: 0x48f8e50 (libc.so.6:memchr) redirected to 0x48391d0 (_vgnU_ifunc_wrapper)
--11489-- REDIR: 0x4914480 (libc.so.6:wcslen) redirected to 0x48391d0 (_vgnU_ifunc_wrapper)
--11489-- REDIR: 0x48f8560 (libc.so.6:strspn) redirected to 0x48391d0 (_vgnU_ifunc_wrapper)
--11489-- REDIR: 0x48f91e0 (libc.so.6:stpncpy) redirected to 0x48391d0 (_vgnU_ifunc_wrapper)
--11489-- REDIR: 0x48f9180 (libc.so.6:stpcpy) redirected to 0x48391d0 (_vgnU_ifunc_wrapper)
--11489-- REDIR: 0x48fa740 (libc.so.6:strchrnul) redirected to 0x48391d0 (_vgnU_ifunc_wrapper)
--11489-- REDIR: 0x48f9330 (libc.so.6:strncasecmp_l) redirected to 0x48391d0 (_vgnU_ifunc_wrapper)
--11489-- REDIR: 0x49dbd60 (libc.so.6:__strrchr_avx2) redirected to 0x4844a10 (rindex)
--11489-- REDIR: 0x48f3130 (libc.so.6:malloc) redirected to 0x4841780 (malloc)
--11489-- REDIR: 0x48f8a20 (libc.so.6:__GI_strstr) redirected to 0x4849ca0 (__strstr_sse2)
--11489-- REDIR: 0x49df3d0 (libc.so.6:__memset_avx2_unaligned_erms) redirected to 0x48488e0 (memset)
--11489-- REDIR: 0x49dd470 (libc.so.6:__strcpy_avx2) redirected to 0x4845090 (strcpy)
--11489-- REDIR: 0x49d7420 (libc.so.6:__strcmp_avx2) redirected to 0x4845ed0 (strcmp)
--11489-- REDIR: 0x49dbf30 (libc.so.6:__strlen_avx2) redirected to 0x4844f40 (strlen)
--11489-- REDIR: 0x49def40 (libc.so.6:__memcpy_avx_unaligned_erms) redirected to 0x48489f0 (memmove)
--11489-- REDIR: 0x48f3740 (libc.so.6:free) redirected to 0x48429d0 (free)
--11489-- REDIR: 0x49def20 (libc.so.6:__mempcpy_avx_unaligned_erms) redirected to 0x4849660 (mempcpy)
--11489-- REDIR: 0x49dbb70 (libc.so.6:__strchrnul_avx2) redirected to 0x4849540 (strchrnul)
==11489== 
==11489== HEAP SUMMARY:
==11489==     in use at exit: 0 bytes in 0 blocks
==11489==   total heap usage: 62 allocs, 62 frees, 36,269 bytes allocated
==11489== 
==11489== All heap blocks were freed -- no leaks are possible
==11489== 
==11489== ERROR SUMMARY: 0 errors from 0 contexts (suppressed: 0 from 0)
