==20216== Memcheck, a memory error detector
==20216== Copyright (C) 2002-2017, and GNU GPL'd, by Julian Seward et al.
==20216== Using Valgrind-3.15.0-608cb11914-20190413 and LibVEX; rerun with -h for copyright info
==20216== Command: ./tradutor
==20216== Parent PID: 20215
==20216== 
--20216-- 
--20216-- Valgrind options:
--20216--    -v
--20216--    --tool=memcheck
--20216--    --leak-check=full
--20216--    --show-leak-kinds=all
--20216--    --track-origins=yes
--20216--    --log-file=logfile.out
--20216-- Contents of /proc/version:
--20216--   Linux version 5.10.16.3-microsoft-standard-WSL2 (oe-user@oe-host) (x86_64-msft-linux-gcc (GCC) 9.3.0, GNU ld (GNU Binutils) 2.34.0.20200220) #1 SMP Fri Apr 2 22:23:49 UTC 2021
--20216-- 
--20216-- Arch and hwcaps: AMD64, LittleEndian, amd64-cx16-lzcnt-rdtscp-sse3-ssse3-avx-avx2-bmi-f16c-rdrand
--20216-- Page sizes: currently 4096, max supported 4096
--20216-- Valgrind library directory: /usr/lib/x86_64-linux-gnu/valgrind
--20216-- Reading syms from /home/anapaula/Desktop/trad/sintatico/tradutor
--20216-- Reading syms from /usr/lib/x86_64-linux-gnu/ld-2.33.so
--20216--   Considering /usr/lib/x86_64-linux-gnu/ld-2.33.so ..
--20216--   .. CRC mismatch (computed 425b6850 wanted cee0dc4c)
--20216--   Considering /lib/x86_64-linux-gnu/ld-2.33.so ..
--20216--   .. CRC mismatch (computed 425b6850 wanted cee0dc4c)
--20216--   Considering /usr/lib/debug/lib/x86_64-linux-gnu/ld-2.33.so ..
--20216--   .. CRC is valid
--20216-- Reading syms from /usr/lib/x86_64-linux-gnu/valgrind/memcheck-amd64-linux
--20216--    object doesn't have a symbol table
--20216--    object doesn't have a dynamic symbol table
--20216-- Scheduler: using generic scheduler lock implementation.
--20216-- Reading suppressions file: /usr/lib/x86_64-linux-gnu/valgrind/default.supp
==20216== embedded gdbserver: reading from /tmp/vgdb-pipe-from-vgdb-to-20216-by-anapaula-on-???
==20216== embedded gdbserver: writing to   /tmp/vgdb-pipe-to-vgdb-from-20216-by-anapaula-on-???
==20216== embedded gdbserver: shared mem   /tmp/vgdb-pipe-shared-mem-vgdb-20216-by-anapaula-on-???
==20216== 
==20216== TO CONTROL THIS PROCESS USING vgdb (which you probably
==20216== don't want to do, unless you know exactly what you're doing,
==20216== or are doing some strange experiment):
==20216==   /usr/lib/x86_64-linux-gnu/valgrind/../../bin/vgdb --pid=20216 ...command...
==20216== 
==20216== TO DEBUG THIS PROCESS USING GDB: start GDB like this
==20216==   /path/to/gdb ./tradutor
==20216== and then give GDB the following command
==20216==   target remote | /usr/lib/x86_64-linux-gnu/valgrind/../../bin/vgdb --pid=20216
==20216== --pid is optional if only one valgrind process is running
==20216== 
--20216-- REDIR: 0x40276d0 (ld-linux-x86-64.so.2:strlen) redirected to 0x580c9ce2 (???)
--20216-- REDIR: 0x40274a0 (ld-linux-x86-64.so.2:index) redirected to 0x580c9cfc (???)
--20216-- Reading syms from /usr/lib/x86_64-linux-gnu/valgrind/vgpreload_core-amd64-linux.so
--20216--    object doesn't have a symbol table
--20216-- Reading syms from /usr/lib/x86_64-linux-gnu/valgrind/vgpreload_memcheck-amd64-linux.so
--20216--    object doesn't have a symbol table
==20216== WARNING: new redirection conflicts with existing -- ignoring it
--20216--     old: 0x040276d0 (strlen              ) R-> (0000.0) 0x580c9ce2 ???
--20216--     new: 0x040276d0 (strlen              ) R-> (2007.0) 0x04845060 strlen
--20216-- REDIR: 0x4023eb0 (ld-linux-x86-64.so.2:strcmp) redirected to 0x4845fd0 (strcmp)
--20216-- REDIR: 0x4027c30 (ld-linux-x86-64.so.2:mempcpy) redirected to 0x4849a20 (mempcpy)
--20216-- Reading syms from /usr/lib/x86_64-linux-gnu/libc-2.33.so
--20216--   Considering /usr/lib/x86_64-linux-gnu/libc-2.33.so ..
--20216--   .. CRC mismatch (computed 31fcf0a5 wanted 9eb4d521)
--20216--   Considering /lib/x86_64-linux-gnu/libc-2.33.so ..
--20216--   .. CRC mismatch (computed 31fcf0a5 wanted 9eb4d521)
--20216--   Considering /usr/lib/debug/lib/x86_64-linux-gnu/libc-2.33.so ..
--20216--   .. CRC is valid
--20216-- REDIR: 0x48f8f00 (libc.so.6:memmove) redirected to 0x48391d0 (_vgnU_ifunc_wrapper)
--20216-- REDIR: 0x48f83a0 (libc.so.6:strncpy) redirected to 0x48391d0 (_vgnU_ifunc_wrapper)
--20216-- REDIR: 0x48f9240 (libc.so.6:strcasecmp) redirected to 0x48391d0 (_vgnU_ifunc_wrapper)
--20216-- REDIR: 0x48f7e50 (libc.so.6:strcat) redirected to 0x48391d0 (_vgnU_ifunc_wrapper)
--20216-- REDIR: 0x48f8400 (libc.so.6:rindex) redirected to 0x48391d0 (_vgnU_ifunc_wrapper)
--20216-- REDIR: 0x48fa700 (libc.so.6:rawmemchr) redirected to 0x48391d0 (_vgnU_ifunc_wrapper)
--20216-- REDIR: 0x4914830 (libc.so.6:wmemchr) redirected to 0x48391d0 (_vgnU_ifunc_wrapper)
--20216-- REDIR: 0x4914370 (libc.so.6:wcscmp) redirected to 0x48391d0 (_vgnU_ifunc_wrapper)
--20216-- REDIR: 0x48f9060 (libc.so.6:mempcpy) redirected to 0x48391d0 (_vgnU_ifunc_wrapper)
--20216-- REDIR: 0x48f8e90 (libc.so.6:bcmp) redirected to 0x48391d0 (_vgnU_ifunc_wrapper)
--20216-- REDIR: 0x48f8340 (libc.so.6:strncmp) redirected to 0x48391d0 (_vgnU_ifunc_wrapper)
--20216-- REDIR: 0x48f7f00 (libc.so.6:strcmp) redirected to 0x48391d0 (_vgnU_ifunc_wrapper)
--20216-- REDIR: 0x48f8fd0 (libc.so.6:memset) redirected to 0x48391d0 (_vgnU_ifunc_wrapper)
--20216-- REDIR: 0x4914330 (libc.so.6:wcschr) redirected to 0x48391d0 (_vgnU_ifunc_wrapper)
--20216-- REDIR: 0x48f82a0 (libc.so.6:strnlen) redirected to 0x48391d0 (_vgnU_ifunc_wrapper)
--20216-- REDIR: 0x48f7fe0 (libc.so.6:strcspn) redirected to 0x48391d0 (_vgnU_ifunc_wrapper)
--20216-- REDIR: 0x48f9290 (libc.so.6:strncasecmp) redirected to 0x48391d0 (_vgnU_ifunc_wrapper)
--20216-- REDIR: 0x48f7f80 (libc.so.6:strcpy) redirected to 0x48391d0 (_vgnU_ifunc_wrapper)
--20216-- REDIR: 0x48f93e0 (libc.so.6:memcpy@@GLIBC_2.14) redirected to 0x48391d0 (_vgnU_ifunc_wrapper)
--20216-- REDIR: 0x4915ab0 (libc.so.6:wcsnlen) redirected to 0x48391d0 (_vgnU_ifunc_wrapper)
--20216-- REDIR: 0x49143b0 (libc.so.6:wcscpy) redirected to 0x48391d0 (_vgnU_ifunc_wrapper)
--20216-- REDIR: 0x48f8440 (libc.so.6:strpbrk) redirected to 0x48391d0 (_vgnU_ifunc_wrapper)
--20216-- REDIR: 0x48f7eb0 (libc.so.6:index) redirected to 0x48391d0 (_vgnU_ifunc_wrapper)
--20216-- REDIR: 0x48f8260 (libc.so.6:strlen) redirected to 0x48391d0 (_vgnU_ifunc_wrapper)
--20216-- REDIR: 0x4900c20 (libc.so.6:memrchr) redirected to 0x48391d0 (_vgnU_ifunc_wrapper)
--20216-- REDIR: 0x48f92e0 (libc.so.6:strcasecmp_l) redirected to 0x48391d0 (_vgnU_ifunc_wrapper)
--20216-- REDIR: 0x48f8e50 (libc.so.6:memchr) redirected to 0x48391d0 (_vgnU_ifunc_wrapper)
--20216-- REDIR: 0x4914480 (libc.so.6:wcslen) redirected to 0x48391d0 (_vgnU_ifunc_wrapper)
--20216-- REDIR: 0x48f8560 (libc.so.6:strspn) redirected to 0x48391d0 (_vgnU_ifunc_wrapper)
--20216-- REDIR: 0x48f91e0 (libc.so.6:stpncpy) redirected to 0x48391d0 (_vgnU_ifunc_wrapper)
--20216-- REDIR: 0x48f9180 (libc.so.6:stpcpy) redirected to 0x48391d0 (_vgnU_ifunc_wrapper)
--20216-- REDIR: 0x48fa740 (libc.so.6:strchrnul) redirected to 0x48391d0 (_vgnU_ifunc_wrapper)
--20216-- REDIR: 0x48f9330 (libc.so.6:strncasecmp_l) redirected to 0x48391d0 (_vgnU_ifunc_wrapper)
--20216-- REDIR: 0x49dbd60 (libc.so.6:__strrchr_avx2) redirected to 0x4844a10 (rindex)
--20216-- REDIR: 0x49dbb70 (libc.so.6:__strchrnul_avx2) redirected to 0x4849540 (strchrnul)
--20216-- REDIR: 0x48f3130 (libc.so.6:malloc) redirected to 0x4841780 (malloc)
--20216-- REDIR: 0x49df3d0 (libc.so.6:__memset_avx2_unaligned_erms) redirected to 0x48488e0 (memset)
--20216-- REDIR: 0x49def20 (libc.so.6:__mempcpy_avx_unaligned_erms) redirected to 0x4849660 (mempcpy)
--20216-- REDIR: 0x49dd470 (libc.so.6:__strcpy_avx2) redirected to 0x4845090 (strcpy)
--20216-- REDIR: 0x49dbf30 (libc.so.6:__strlen_avx2) redirected to 0x4844f40 (strlen)
--20216-- REDIR: 0x49d7420 (libc.so.6:__strcmp_avx2) redirected to 0x4845ed0 (strcmp)
--20216-- REDIR: 0x48f3740 (libc.so.6:free) redirected to 0x48429d0 (free)
--20216-- REDIR: 0x48f8a20 (libc.so.6:__GI_strstr) redirected to 0x4849ca0 (__strstr_sse2)
==20216== 
==20216== HEAP SUMMARY:
==20216==     in use at exit: 0 bytes in 0 blocks
==20216==   total heap usage: 337 allocs, 337 frees, 32,633 bytes allocated
==20216== 
==20216== All heap blocks were freed -- no leaks are possible
==20216== 
==20216== ERROR SUMMARY: 0 errors from 0 contexts (suppressed: 0 from 0)
